Starting Dynare (version 4.5.6).
Starting preprocessing of the model file ...
Found 6 equation(s).
Evaluating expressions...done
Computing static model derivatives:
 - order 1
Computing dynamic model derivatives:
 - order 1
 - order 2
Processing outputs ...
done
Preprocessing completed.


STEADY-STATE RESULTS:

c_1 		 2.27948
c_2 		 2.27948
A_1 		 1
A_2 		 1
k_1 		 18.0882
k_2 		 18.0882

MODEL SUMMARY

  Number of variables:         6
  Number of stochastic shocks: 2
  Number of state variables:   4
  Number of jumpers:           4
  Number of static variables:  0


MATRIX OF COVARIANCE OF EXOGENOUS SHOCKS
Variables    epsilon_1  epsilon_2
epsilon_1     0.006400   0.000000
epsilon_2     0.000000   0.006400

POLICY AND TRANSITION FUNCTIONS
                                 c_1             c_2             A_1             A_2             k_1             k_2
Constant                    2.289044        2.289044        1.000000        1.000000       18.078607       18.078607
(correction)                0.009564        0.009564               0               0       -0.009564       -0.009564
k_1(-1)                     0.030628        0.030628               0               0        0.479577        0.479577
k_2(-1)                     0.030628        0.030628               0               0        0.479577        0.479577
A_1(-1)                     0.271237        0.271237        0.850000               0       11.972502       -9.808671
A_2(-1)                     0.271237        0.271237               0        0.850000       -9.808671       11.972502
epsilon_1                   0.319103        0.319103        1.000000               0       14.085296      -11.539613
epsilon_2                   0.319103        0.319103               0        1.000000      -11.539613       14.085296
k_1(-1),k_1(-1)            -0.000212       -0.000212               0               0       -0.000372       -0.000372
k_2(-1),k_1(-1)            -0.000355       -0.000355               0               0        0.000355        0.000355
k_2(-1),k_2(-1)            -0.000212       -0.000212               0               0       -0.000372       -0.000372
A_1(-1),k_1(-1)             0.001985        0.001985               0               0        0.316683       -0.260807
A_1(-1),k_2(-1)             0.000189        0.000189               0               0        0.288556       -0.288934
A_1(-1),A_1(-1)            -0.046481       -0.046481       -0.063750               0       -4.848896        4.738884
A_2(-1),k_1(-1)             0.000189        0.000189               0               0       -0.288934        0.288556
A_2(-1),k_2(-1)             0.001985        0.001985               0               0       -0.260807        0.316683
A_2(-1),A_1(-1)            -0.034112       -0.034112               0               0        0.034112        0.034112
A_2(-1),A_2(-1)            -0.046481       -0.046481               0       -0.063750        4.738884       -4.848896
epsilon_1,epsilon_1         0.123375        0.123375        0.500000               0        1.574194       -0.228999
epsilon_2,epsilon_1        -0.047214       -0.047214               0               0        0.047214        0.047214
epsilon_2,epsilon_2         0.123375        0.123375               0        0.500000       -0.228999        1.574194
k_1(-1),epsilon_1           0.002336        0.002336               0               0        0.372569       -0.306832
k_1(-1),epsilon_2           0.000222        0.000222               0               0       -0.339922        0.339478
k_2(-1),epsilon_1           0.000222        0.000222               0               0        0.339478       -0.339922
k_2(-1),epsilon_2           0.002336        0.002336               0               0       -0.306832        0.372569
A_1(-1),epsilon_1           0.209737        0.209737        0.850000               0        2.676129       -0.389298
A_1(-1),epsilon_2          -0.040132       -0.040132               0               0        0.040132        0.040132
A_2(-1),epsilon_1          -0.040132       -0.040132               0               0        0.040132        0.040132
A_2(-1),epsilon_2           0.209737        0.209737               0        0.850000       -0.389298        2.676129


MOMENTS OF SIMULATED VARIABLES
VARIABLE              MEAN       STD. DEV.        VARIANCE        SKEWNESS        KURTOSIS
c_1               2.331335        0.211921        0.044911       -0.303432        0.884936
c_2               2.331335        0.211921        0.044911       -0.303432        0.884936
A_1               1.007274        0.153735        0.023634        0.316915        0.372717
A_2               1.012241        0.150641        0.022693        0.217910       -0.028602
k_1              18.758150        4.139772       17.137710        0.169292        0.572619
k_2              18.841953        3.881159       15.063394        0.021667       -0.417796


CORRELATION OF SIMULATED VARIABLES
VARIABLE       c_1     c_2     A_1     A_2     k_1     k_2
c_1         1.0000  1.0000  0.5027  0.4268  0.7190  0.6882
c_2         1.0000  1.0000  0.5027  0.4268  0.7190  0.6882
A_1         0.5027  0.5027  1.0000  0.0299  0.7227 -0.2088
A_2         0.4268  0.4268  0.0299  1.0000 -0.2593  0.7160
k_1         0.7190  0.7190  0.7227 -0.2593  1.0000  0.0424
k_2         0.6882  0.6882 -0.2088  0.7160  0.0424  1.0000


AUTOCORRELATION OF SIMULATED VARIABLES
VARIABLE         1       2       3       4       5
c_1         0.9825  0.9616  0.9376  0.9113  0.8839
c_2         0.9825  0.9616  0.9376  0.9113  0.8839
A_1         0.8300  0.6820  0.5623  0.4554  0.3669
A_2         0.8429  0.7127  0.6108  0.5126  0.4283
k_1         0.9163  0.8445  0.7880  0.7283  0.6727
k_2         0.9071  0.8333  0.7806  0.7236  0.6707



VARIANCE DECOMPOSITION SIMULATING ONE SHOCK AT A TIME (in percent)
              epsilon_1         epsilon_2  Tot. lin. contr.
c_1               52.76             55.23            107.98
c_2               52.76             55.23            107.98
A_1              100.11              0.00            100.11
A_2                0.00            100.11            100.11
k_1               71.48             25.27             96.75
k_2               27.98             84.62            112.60
Note: numbers do not add up to 100 due to i) non-zero correlation of simulated shocks in small samples and ii) nonlinearity

Total computing time : 0h00m13s
